{"C:\\Users\\chris\\OneDrive\\Bureau\\SAE5\\Api\\API\\api\\acc\\accompagnateur.js": {"path":"C:\\Users\\chris\\OneDrive\\Bureau\\SAE5\\Api\\API\\api\\acc\\accompagnateur.js","statementMap":{"0":{"start":{"line":1,"column":16},"end":{"line":1,"column":34}},"1":{"start":{"line":2,"column":15},"end":{"line":2,"column":31}},"2":{"start":{"line":3,"column":30},"end":{"line":3,"column":67}},"3":{"start":{"line":30,"column":0},"end":{"line":33,"column":3}},"4":{"start":{"line":32,"column":4},"end":{"line":32,"column":82}},"5":{"start":{"line":71,"column":0},"end":{"line":80,"column":3}},"6":{"start":{"line":72,"column":57},"end":{"line":72,"column":65}},"7":{"start":{"line":73,"column":4},"end":{"line":79,"column":7}},"8":{"start":{"line":74,"column":8},"end":{"line":77,"column":9}},"9":{"start":{"line":75,"column":12},"end":{"line":75,"column":87}},"10":{"start":{"line":76,"column":12},"end":{"line":76,"column":19}},"11":{"start":{"line":78,"column":8},"end":{"line":78,"column":100}},"12":{"start":{"line":82,"column":0},"end":{"line":82,"column":24}}},"fnMap":{"0":{"name":"(anonymous_0)","decl":{"start":{"line":30,"column":16},"end":{"line":30,"column":17}},"loc":{"start":{"line":30,"column":30},"end":{"line":33,"column":1}},"line":30},"1":{"name":"(anonymous_1)","decl":{"start":{"line":71,"column":23},"end":{"line":71,"column":24}},"loc":{"start":{"line":71,"column":37},"end":{"line":80,"column":1}},"line":71},"2":{"name":"(anonymous_2)","decl":{"start":{"line":73,"column":83},"end":{"line":73,"column":84}},"loc":{"start":{"line":73,"column":100},"end":{"line":79,"column":5}},"line":73}},"branchMap":{"0":{"loc":{"start":{"line":74,"column":8},"end":{"line":77,"column":9}},"type":"if","locations":[{"start":{"line":74,"column":8},"end":{"line":77,"column":9}},{"start":{},"end":{}}],"line":74}},"s":{"0":1,"1":1,"2":1,"3":1,"4":1,"5":1,"6":0,"7":0,"8":0,"9":0,"10":0,"11":0,"12":1},"f":{"0":1,"1":0,"2":0},"b":{"0":[0,0]},"_coverageSchema":"1a1c01bbd47fc00a2c39e90264f33305004495a9","hash":"372c6b122a276ff2c4f4cfd2b68fa8947e085967"}
,"C:\\Users\\chris\\OneDrive\\Bureau\\SAE5\\Api\\API\\api\\acc\\accompagnateurController.js": {"path":"C:\\Users\\chris\\OneDrive\\Bureau\\SAE5\\Api\\API\\api\\acc\\accompagnateurController.js","statementMap":{"0":{"start":{"line":1,"column":30},"end":{"line":4,"column":1}},"1":{"start":{"line":2,"column":18},"end":{"line":2,"column":76}},"2":{"start":{"line":3,"column":4},"end":{"line":3,"column":43}},"3":{"start":{"line":6,"column":32},"end":{"line":9,"column":1}},"4":{"start":{"line":7,"column":18},"end":{"line":7,"column":67}},"5":{"start":{"line":8,"column":4},"end":{"line":8,"column":45}},"6":{"start":{"line":11,"column":31},"end":{"line":14,"column":1}},"7":{"start":{"line":12,"column":18},"end":{"line":12,"column":66}},"8":{"start":{"line":13,"column":4},"end":{"line":13,"column":44}},"9":{"start":{"line":16,"column":26},"end":{"line":24,"column":1}},"10":{"start":{"line":17,"column":18},"end":{"line":20,"column":5}},"11":{"start":{"line":21,"column":19},"end":{"line":21,"column":61}},"12":{"start":{"line":23,"column":4},"end":{"line":23,"column":45}},"13":{"start":{"line":26,"column":0},"end":{"line":31,"column":2}}},"fnMap":{"0":{"name":"(anonymous_0)","decl":{"start":{"line":1,"column":30},"end":{"line":1,"column":31}},"loc":{"start":{"line":1,"column":63},"end":{"line":4,"column":1}},"line":1},"1":{"name":"(anonymous_1)","decl":{"start":{"line":6,"column":32},"end":{"line":6,"column":33}},"loc":{"start":{"line":6,"column":67},"end":{"line":9,"column":1}},"line":6},"2":{"name":"(anonymous_2)","decl":{"start":{"line":11,"column":31},"end":{"line":11,"column":32}},"loc":{"start":{"line":11,"column":65},"end":{"line":14,"column":1}},"line":11},"3":{"name":"(anonymous_3)","decl":{"start":{"line":16,"column":26},"end":{"line":16,"column":27}},"loc":{"start":{"line":16,"column":97},"end":{"line":24,"column":1}},"line":16}},"branchMap":{},"s":{"0":2,"1":1,"2":1,"3":2,"4":1,"5":1,"6":2,"7":1,"8":1,"9":2,"10":0,"11":0,"12":0,"13":2},"f":{"0":1,"1":1,"2":1,"3":0},"b":{},"_coverageSchema":"1a1c01bbd47fc00a2c39e90264f33305004495a9","hash":"0c31ae6d46e5b1dff6d6f6efed4d1b712822e40c"}
,"C:\\Users\\chris\\OneDrive\\Bureau\\SAE5\\Api\\API\\api\\users\\users.js": {"path":"C:\\Users\\chris\\OneDrive\\Bureau\\SAE5\\Api\\API\\api\\users\\users.js","statementMap":{"0":{"start":{"line":1,"column":16},"end":{"line":1,"column":34}},"1":{"start":{"line":2,"column":15},"end":{"line":2,"column":31}},"2":{"start":{"line":3,"column":24},"end":{"line":3,"column":52}},"3":{"start":{"line":29,"column":0},"end":{"line":31,"column":3}},"4":{"start":{"line":30,"column":4},"end":{"line":30,"column":53}},"5":{"start":{"line":56,"column":0},"end":{"line":65,"column":3}},"6":{"start":{"line":57,"column":19},"end":{"line":57,"column":29}},"7":{"start":{"line":58,"column":4},"end":{"line":64,"column":7}},"8":{"start":{"line":59,"column":8},"end":{"line":62,"column":9}},"9":{"start":{"line":60,"column":12},"end":{"line":60,"column":90}},"10":{"start":{"line":61,"column":12},"end":{"line":61,"column":19}},"11":{"start":{"line":63,"column":8},"end":{"line":63,"column":35}},"12":{"start":{"line":90,"column":0},"end":{"line":99,"column":3}},"13":{"start":{"line":91,"column":21},"end":{"line":91,"column":31}},"14":{"start":{"line":92,"column":4},"end":{"line":98,"column":7}},"15":{"start":{"line":93,"column":8},"end":{"line":96,"column":9}},"16":{"start":{"line":94,"column":12},"end":{"line":94,"column":90}},"17":{"start":{"line":95,"column":12},"end":{"line":95,"column":19}},"18":{"start":{"line":97,"column":8},"end":{"line":97,"column":35}},"19":{"start":{"line":101,"column":0},"end":{"line":101,"column":24}}},"fnMap":{"0":{"name":"(anonymous_0)","decl":{"start":{"line":29,"column":16},"end":{"line":29,"column":17}},"loc":{"start":{"line":29,"column":30},"end":{"line":31,"column":1}},"line":29},"1":{"name":"(anonymous_1)","decl":{"start":{"line":56,"column":26},"end":{"line":56,"column":27}},"loc":{"start":{"line":56,"column":40},"end":{"line":65,"column":1}},"line":56},"2":{"name":"(anonymous_2)","decl":{"start":{"line":58,"column":57},"end":{"line":58,"column":58}},"loc":{"start":{"line":58,"column":72},"end":{"line":64,"column":5}},"line":58},"3":{"name":"(anonymous_3)","decl":{"start":{"line":90,"column":30},"end":{"line":90,"column":31}},"loc":{"start":{"line":90,"column":44},"end":{"line":99,"column":1}},"line":90},"4":{"name":"(anonymous_4)","decl":{"start":{"line":92,"column":61},"end":{"line":92,"column":62}},"loc":{"start":{"line":92,"column":76},"end":{"line":98,"column":5}},"line":92}},"branchMap":{"0":{"loc":{"start":{"line":59,"column":8},"end":{"line":62,"column":9}},"type":"if","locations":[{"start":{"line":59,"column":8},"end":{"line":62,"column":9}},{"start":{},"end":{}}],"line":59},"1":{"loc":{"start":{"line":93,"column":8},"end":{"line":96,"column":9}},"type":"if","locations":[{"start":{"line":93,"column":8},"end":{"line":96,"column":9}},{"start":{},"end":{}}],"line":93}},"s":{"0":1,"1":1,"2":1,"3":1,"4":1,"5":1,"6":1,"7":1,"8":0,"9":0,"10":0,"11":0,"12":1,"13":1,"14":1,"15":0,"16":0,"17":0,"18":0,"19":1},"f":{"0":1,"1":1,"2":0,"3":1,"4":0},"b":{"0":[0,0],"1":[0,0]},"_coverageSchema":"1a1c01bbd47fc00a2c39e90264f33305004495a9","hash":"d5780b0f765328d894c4dd9a510ec61993b35e41"}
,"C:\\Users\\chris\\OneDrive\\Bureau\\SAE5\\Api\\API\\api\\users\\usersController.js": {"path":"C:\\Users\\chris\\OneDrive\\Bureau\\SAE5\\Api\\API\\api\\users\\usersController.js","statementMap":{"0":{"start":{"line":3,"column":22},"end":{"line":6,"column":1}},"1":{"start":{"line":4,"column":18},"end":{"line":4,"column":60}},"2":{"start":{"line":5,"column":4},"end":{"line":5,"column":43}},"3":{"start":{"line":8,"column":24},"end":{"line":11,"column":1}},"4":{"start":{"line":9,"column":18},"end":{"line":9,"column":55}},"5":{"start":{"line":10,"column":4},"end":{"line":10,"column":45}},"6":{"start":{"line":15,"column":18},"end":{"line":23,"column":1}},"7":{"start":{"line":16,"column":18},"end":{"line":19,"column":5}},"8":{"start":{"line":20,"column":19},"end":{"line":20,"column":115}},"9":{"start":{"line":22,"column":4},"end":{"line":22,"column":45}},"10":{"start":{"line":25,"column":0},"end":{"line":29,"column":2}}},"fnMap":{"0":{"name":"(anonymous_0)","decl":{"start":{"line":3,"column":22},"end":{"line":3,"column":23}},"loc":{"start":{"line":3,"column":55},"end":{"line":6,"column":1}},"line":3},"1":{"name":"(anonymous_1)","decl":{"start":{"line":8,"column":24},"end":{"line":8,"column":25}},"loc":{"start":{"line":8,"column":59},"end":{"line":11,"column":1}},"line":8},"2":{"name":"(anonymous_2)","decl":{"start":{"line":15,"column":18},"end":{"line":15,"column":19}},"loc":{"start":{"line":15,"column":143},"end":{"line":23,"column":1}},"line":15}},"branchMap":{},"s":{"0":2,"1":2,"2":2,"3":2,"4":2,"5":2,"6":2,"7":0,"8":0,"9":0,"10":2},"f":{"0":2,"1":2,"2":0},"b":{},"_coverageSchema":"1a1c01bbd47fc00a2c39e90264f33305004495a9","hash":"14a55fa902358b10dd31476cfc112d64a712cf8e"}
}
