{"C:\\Users\\chris\\Documents\\COURS\\SAE5\\API\\API\\api\\acc\\accompagnateur.js": {"path":"C:\\Users\\chris\\Documents\\COURS\\SAE5\\API\\API\\api\\acc\\accompagnateur.js","statementMap":{"0":{"start":{"line":1,"column":16},"end":{"line":1,"column":34}},"1":{"start":{"line":2,"column":15},"end":{"line":2,"column":31}},"2":{"start":{"line":3,"column":30},"end":{"line":3,"column":67}},"3":{"start":{"line":30,"column":0},"end":{"line":33,"column":3}},"4":{"start":{"line":32,"column":2},"end":{"line":32,"column":58}},"5":{"start":{"line":71,"column":0},"end":{"line":92,"column":3}},"6":{"start":{"line":72,"column":55},"end":{"line":72,"column":63}},"7":{"start":{"line":75,"column":2},"end":{"line":77,"column":3}},"8":{"start":{"line":76,"column":4},"end":{"line":76,"column":85}},"9":{"start":{"line":79,"column":2},"end":{"line":91,"column":4}},"10":{"start":{"line":83,"column":6},"end":{"line":85,"column":7}},"11":{"start":{"line":84,"column":8},"end":{"line":84,"column":89}},"12":{"start":{"line":86,"column":6},"end":{"line":89,"column":9}},"13":{"start":{"line":94,"column":0},"end":{"line":94,"column":24}}},"fnMap":{"0":{"name":"(anonymous_0)","decl":{"start":{"line":30,"column":16},"end":{"line":30,"column":17}},"loc":{"start":{"line":30,"column":30},"end":{"line":33,"column":1}},"line":30},"1":{"name":"(anonymous_1)","decl":{"start":{"line":71,"column":23},"end":{"line":71,"column":24}},"loc":{"start":{"line":71,"column":37},"end":{"line":92,"column":1}},"line":71},"2":{"name":"(anonymous_2)","decl":{"start":{"line":82,"column":4},"end":{"line":82,"column":5}},"loc":{"start":{"line":82,"column":21},"end":{"line":90,"column":5}},"line":82}},"branchMap":{"0":{"loc":{"start":{"line":75,"column":2},"end":{"line":77,"column":3}},"type":"if","locations":[{"start":{"line":75,"column":2},"end":{"line":77,"column":3}},{"start":{},"end":{}}],"line":75},"1":{"loc":{"start":{"line":75,"column":6},"end":{"line":75,"column":56}},"type":"binary-expr","locations":[{"start":{"line":75,"column":6},"end":{"line":75,"column":15}},{"start":{"line":75,"column":19},"end":{"line":75,"column":31}},{"start":{"line":75,"column":35},"end":{"line":75,"column":43}},{"start":{"line":75,"column":47},"end":{"line":75,"column":56}}],"line":75},"2":{"loc":{"start":{"line":83,"column":6},"end":{"line":85,"column":7}},"type":"if","locations":[{"start":{"line":83,"column":6},"end":{"line":85,"column":7}},{"start":{},"end":{}}],"line":83}},"s":{"0":1,"1":1,"2":1,"3":1,"4":0,"5":1,"6":2,"7":2,"8":1,"9":1,"10":1,"11":0,"12":1,"13":1},"f":{"0":0,"1":2,"2":1},"b":{"0":[1,1],"1":[2,1,1,1],"2":[0,1]},"_coverageSchema":"1a1c01bbd47fc00a2c39e90264f33305004495a9","hash":"ee890c5ecfda396559c36ba3ec62b6c14475597d"}
,"C:\\Users\\chris\\Documents\\COURS\\SAE5\\API\\API\\api\\users\\users.js": {"path":"C:\\Users\\chris\\Documents\\COURS\\SAE5\\API\\API\\api\\users\\users.js","statementMap":{"0":{"start":{"line":1,"column":16},"end":{"line":1,"column":34}},"1":{"start":{"line":2,"column":15},"end":{"line":2,"column":31}},"2":{"start":{"line":3,"column":24},"end":{"line":3,"column":52}},"3":{"start":{"line":4,"column":23},"end":{"line":4,"column":38}},"4":{"start":{"line":5,"column":24},"end":{"line":5,"column":54}},"5":{"start":{"line":6,"column":22},"end":{"line":6,"column":52}},"6":{"start":{"line":32,"column":0},"end":{"line":34,"column":3}},"7":{"start":{"line":33,"column":2},"end":{"line":33,"column":51}},"8":{"start":{"line":59,"column":0},"end":{"line":70,"column":3}},"9":{"start":{"line":60,"column":17},"end":{"line":60,"column":27}},"10":{"start":{"line":61,"column":2},"end":{"line":69,"column":5}},"11":{"start":{"line":62,"column":4},"end":{"line":67,"column":5}},"12":{"start":{"line":63,"column":6},"end":{"line":65,"column":71}},"13":{"start":{"line":66,"column":6},"end":{"line":66,"column":13}},"14":{"start":{"line":68,"column":4},"end":{"line":68,"column":31}},"15":{"start":{"line":95,"column":0},"end":{"line":106,"column":3}},"16":{"start":{"line":96,"column":19},"end":{"line":96,"column":29}},"17":{"start":{"line":97,"column":2},"end":{"line":105,"column":5}},"18":{"start":{"line":98,"column":4},"end":{"line":103,"column":5}},"19":{"start":{"line":99,"column":6},"end":{"line":101,"column":71}},"20":{"start":{"line":102,"column":6},"end":{"line":102,"column":13}},"21":{"start":{"line":104,"column":4},"end":{"line":104,"column":31}},"22":{"start":{"line":140,"column":0},"end":{"line":149,"column":3}},"23":{"start":{"line":141,"column":2},"end":{"line":141,"column":43}},"24":{"start":{"line":142,"column":2},"end":{"line":148,"column":5}},"25":{"start":{"line":143,"column":4},"end":{"line":146,"column":5}},"26":{"start":{"line":144,"column":6},"end":{"line":144,"column":53}},"27":{"start":{"line":145,"column":6},"end":{"line":145,"column":81}},"28":{"start":{"line":147,"column":4},"end":{"line":147,"column":69}},"29":{"start":{"line":152,"column":0},"end":{"line":154,"column":3}},"30":{"start":{"line":153,"column":2},"end":{"line":153,"column":57}},"31":{"start":{"line":196,"column":0},"end":{"line":220,"column":3}},"32":{"start":{"line":197,"column":22},"end":{"line":197,"column":30}},"33":{"start":{"line":199,"column":2},"end":{"line":204,"column":3}},"34":{"start":{"line":200,"column":4},"end":{"line":203,"column":7}},"35":{"start":{"line":206,"column":2},"end":{"line":219,"column":5}},"36":{"start":{"line":207,"column":4},"end":{"line":213,"column":5}},"37":{"start":{"line":208,"column":6},"end":{"line":208,"column":60}},"38":{"start":{"line":209,"column":6},"end":{"line":212,"column":9}},"39":{"start":{"line":215,"column":4},"end":{"line":218,"column":7}},"40":{"start":{"line":256,"column":0},"end":{"line":293,"column":3}},"41":{"start":{"line":257,"column":29},"end":{"line":257,"column":37}},"42":{"start":{"line":258,"column":2},"end":{"line":258,"column":71}},"43":{"start":{"line":260,"column":2},"end":{"line":292,"column":5}},"44":{"start":{"line":261,"column":4},"end":{"line":268,"column":5}},"45":{"start":{"line":262,"column":6},"end":{"line":262,"column":41}},"46":{"start":{"line":264,"column":6},"end":{"line":266,"column":7}},"47":{"start":{"line":265,"column":8},"end":{"line":265,"column":100}},"48":{"start":{"line":267,"column":6},"end":{"line":267,"column":85}},"49":{"start":{"line":270,"column":4},"end":{"line":272,"column":5}},"50":{"start":{"line":271,"column":6},"end":{"line":271,"column":98}},"51":{"start":{"line":275,"column":18},"end":{"line":275,"column":26}},"52":{"start":{"line":277,"column":4},"end":{"line":291,"column":5}},"53":{"start":{"line":279,"column":6},"end":{"line":283,"column":8}},"54":{"start":{"line":285,"column":6},"end":{"line":285,"column":48}},"55":{"start":{"line":286,"column":6},"end":{"line":286,"column":81}},"56":{"start":{"line":289,"column":6},"end":{"line":289,"column":78}},"57":{"start":{"line":290,"column":6},"end":{"line":290,"column":85}},"58":{"start":{"line":314,"column":0},"end":{"line":328,"column":3}},"59":{"start":{"line":315,"column":20},"end":{"line":315,"column":28}},"60":{"start":{"line":317,"column":2},"end":{"line":319,"column":3}},"61":{"start":{"line":318,"column":4},"end":{"line":318,"column":62}},"62":{"start":{"line":321,"column":2},"end":{"line":327,"column":3}},"63":{"start":{"line":322,"column":4},"end":{"line":322,"column":43}},"64":{"start":{"line":323,"column":4},"end":{"line":323,"column":69}},"65":{"start":{"line":325,"column":4},"end":{"line":325,"column":58}},"66":{"start":{"line":326,"column":4},"end":{"line":326,"column":77}},"67":{"start":{"line":330,"column":0},"end":{"line":351,"column":3}},"68":{"start":{"line":331,"column":20},"end":{"line":331,"column":28}},"69":{"start":{"line":333,"column":2},"end":{"line":335,"column":3}},"70":{"start":{"line":334,"column":4},"end":{"line":334,"column":62}},"71":{"start":{"line":337,"column":2},"end":{"line":350,"column":3}},"72":{"start":{"line":338,"column":21},"end":{"line":338,"column":59}},"73":{"start":{"line":339,"column":4},"end":{"line":341,"column":5}},"74":{"start":{"line":340,"column":6},"end":{"line":340,"column":74}},"75":{"start":{"line":343,"column":17},"end":{"line":343,"column":37}},"76":{"start":{"line":344,"column":4},"end":{"line":344,"column":67}},"77":{"start":{"line":346,"column":4},"end":{"line":346,"column":66}},"78":{"start":{"line":347,"column":4},"end":{"line":349,"column":73}},"79":{"start":{"line":353,"column":0},"end":{"line":359,"column":3}},"80":{"start":{"line":354,"column":2},"end":{"line":358,"column":3}},"81":{"start":{"line":355,"column":4},"end":{"line":355,"column":53}},"82":{"start":{"line":357,"column":4},"end":{"line":357,"column":64}},"83":{"start":{"line":361,"column":0},"end":{"line":363,"column":3}},"84":{"start":{"line":362,"column":2},"end":{"line":362,"column":56}},"85":{"start":{"line":401,"column":0},"end":{"line":421,"column":3}},"86":{"start":{"line":402,"column":17},"end":{"line":402,"column":35}},"87":{"start":{"line":403,"column":2},"end":{"line":405,"column":3}},"88":{"start":{"line":404,"column":4},"end":{"line":404,"column":72}},"89":{"start":{"line":407,"column":16},"end":{"line":407,"column":59}},"90":{"start":{"line":408,"column":2},"end":{"line":420,"column":5}},"91":{"start":{"line":409,"column":4},"end":{"line":412,"column":5}},"92":{"start":{"line":410,"column":6},"end":{"line":410,"column":71}},"93":{"start":{"line":411,"column":6},"end":{"line":411,"column":64}},"94":{"start":{"line":414,"column":4},"end":{"line":416,"column":5}},"95":{"start":{"line":415,"column":6},"end":{"line":415,"column":72}},"96":{"start":{"line":419,"column":4},"end":{"line":419,"column":25}},"97":{"start":{"line":423,"column":0},"end":{"line":423,"column":24}}},"fnMap":{"0":{"name":"(anonymous_0)","decl":{"start":{"line":32,"column":16},"end":{"line":32,"column":17}},"loc":{"start":{"line":32,"column":30},"end":{"line":34,"column":1}},"line":32},"1":{"name":"(anonymous_1)","decl":{"start":{"line":59,"column":26},"end":{"line":59,"column":27}},"loc":{"start":{"line":59,"column":40},"end":{"line":70,"column":1}},"line":59},"2":{"name":"(anonymous_2)","decl":{"start":{"line":61,"column":55},"end":{"line":61,"column":56}},"loc":{"start":{"line":61,"column":70},"end":{"line":69,"column":3}},"line":61},"3":{"name":"(anonymous_3)","decl":{"start":{"line":95,"column":30},"end":{"line":95,"column":31}},"loc":{"start":{"line":95,"column":44},"end":{"line":106,"column":1}},"line":95},"4":{"name":"(anonymous_4)","decl":{"start":{"line":97,"column":59},"end":{"line":97,"column":60}},"loc":{"start":{"line":97,"column":74},"end":{"line":105,"column":3}},"line":97},"5":{"name":"(anonymous_5)","decl":{"start":{"line":140,"column":24},"end":{"line":140,"column":25}},"loc":{"start":{"line":140,"column":38},"end":{"line":149,"column":1}},"line":140},"6":{"name":"(anonymous_6)","decl":{"start":{"line":142,"column":53},"end":{"line":142,"column":54}},"loc":{"start":{"line":142,"column":70},"end":{"line":148,"column":3}},"line":142},"7":{"name":"(anonymous_7)","decl":{"start":{"line":152,"column":20},"end":{"line":152,"column":21}},"loc":{"start":{"line":152,"column":34},"end":{"line":154,"column":1}},"line":152},"8":{"name":"(anonymous_8)","decl":{"start":{"line":196,"column":22},"end":{"line":196,"column":23}},"loc":{"start":{"line":196,"column":36},"end":{"line":220,"column":1}},"line":196},"9":{"name":"(anonymous_9)","decl":{"start":{"line":206,"column":59},"end":{"line":206,"column":60}},"loc":{"start":{"line":206,"column":76},"end":{"line":219,"column":3}},"line":206},"10":{"name":"(anonymous_10)","decl":{"start":{"line":256,"column":24},"end":{"line":256,"column":25}},"loc":{"start":{"line":256,"column":44},"end":{"line":293,"column":1}},"line":256},"11":{"name":"(anonymous_11)","decl":{"start":{"line":260,"column":63},"end":{"line":260,"column":64}},"loc":{"start":{"line":260,"column":84},"end":{"line":292,"column":3}},"line":260},"12":{"name":"(anonymous_12)","decl":{"start":{"line":314,"column":23},"end":{"line":314,"column":24}},"loc":{"start":{"line":314,"column":43},"end":{"line":328,"column":1}},"line":314},"13":{"name":"(anonymous_13)","decl":{"start":{"line":330,"column":30},"end":{"line":330,"column":31}},"loc":{"start":{"line":330,"column":50},"end":{"line":351,"column":1}},"line":330},"14":{"name":"(anonymous_14)","decl":{"start":{"line":353,"column":18},"end":{"line":353,"column":19}},"loc":{"start":{"line":353,"column":32},"end":{"line":359,"column":1}},"line":353},"15":{"name":"(anonymous_15)","decl":{"start":{"line":361,"column":20},"end":{"line":361,"column":21}},"loc":{"start":{"line":361,"column":34},"end":{"line":363,"column":1}},"line":361},"16":{"name":"(anonymous_16)","decl":{"start":{"line":401,"column":23},"end":{"line":401,"column":24}},"loc":{"start":{"line":401,"column":37},"end":{"line":421,"column":1}},"line":401},"17":{"name":"(anonymous_17)","decl":{"start":{"line":408,"column":28},"end":{"line":408,"column":29}},"loc":{"start":{"line":408,"column":46},"end":{"line":420,"column":3}},"line":408}},"branchMap":{"0":{"loc":{"start":{"line":62,"column":4},"end":{"line":67,"column":5}},"type":"if","locations":[{"start":{"line":62,"column":4},"end":{"line":67,"column":5}},{"start":{},"end":{}}],"line":62},"1":{"loc":{"start":{"line":98,"column":4},"end":{"line":103,"column":5}},"type":"if","locations":[{"start":{"line":98,"column":4},"end":{"line":103,"column":5}},{"start":{},"end":{}}],"line":98},"2":{"loc":{"start":{"line":143,"column":4},"end":{"line":146,"column":5}},"type":"if","locations":[{"start":{"line":143,"column":4},"end":{"line":146,"column":5}},{"start":{},"end":{}}],"line":143},"3":{"loc":{"start":{"line":199,"column":2},"end":{"line":204,"column":3}},"type":"if","locations":[{"start":{"line":199,"column":2},"end":{"line":204,"column":3}},{"start":{},"end":{}}],"line":199},"4":{"loc":{"start":{"line":207,"column":4},"end":{"line":213,"column":5}},"type":"if","locations":[{"start":{"line":207,"column":4},"end":{"line":213,"column":5}},{"start":{},"end":{}}],"line":207},"5":{"loc":{"start":{"line":261,"column":4},"end":{"line":268,"column":5}},"type":"if","locations":[{"start":{"line":261,"column":4},"end":{"line":268,"column":5}},{"start":{},"end":{}}],"line":261},"6":{"loc":{"start":{"line":264,"column":6},"end":{"line":266,"column":7}},"type":"if","locations":[{"start":{"line":264,"column":6},"end":{"line":266,"column":7}},{"start":{},"end":{}}],"line":264},"7":{"loc":{"start":{"line":264,"column":10},"end":{"line":264,"column":96}},"type":"binary-expr","locations":[{"start":{"line":264,"column":10},"end":{"line":264,"column":51}},{"start":{"line":264,"column":55},"end":{"line":264,"column":96}}],"line":264},"8":{"loc":{"start":{"line":270,"column":4},"end":{"line":272,"column":5}},"type":"if","locations":[{"start":{"line":270,"column":4},"end":{"line":272,"column":5}},{"start":{},"end":{}}],"line":270},"9":{"loc":{"start":{"line":317,"column":2},"end":{"line":319,"column":3}},"type":"if","locations":[{"start":{"line":317,"column":2},"end":{"line":319,"column":3}},{"start":{},"end":{}}],"line":317},"10":{"loc":{"start":{"line":333,"column":2},"end":{"line":335,"column":3}},"type":"if","locations":[{"start":{"line":333,"column":2},"end":{"line":335,"column":3}},{"start":{},"end":{}}],"line":333},"11":{"loc":{"start":{"line":339,"column":4},"end":{"line":341,"column":5}},"type":"if","locations":[{"start":{"line":339,"column":4},"end":{"line":341,"column":5}},{"start":{},"end":{}}],"line":339},"12":{"loc":{"start":{"line":354,"column":2},"end":{"line":358,"column":3}},"type":"if","locations":[{"start":{"line":354,"column":2},"end":{"line":358,"column":3}},{"start":{"line":356,"column":9},"end":{"line":358,"column":3}}],"line":354},"13":{"loc":{"start":{"line":354,"column":6},"end":{"line":354,"column":37}},"type":"binary-expr","locations":[{"start":{"line":354,"column":6},"end":{"line":354,"column":17}},{"start":{"line":354,"column":21},"end":{"line":354,"column":37}}],"line":354},"14":{"loc":{"start":{"line":403,"column":2},"end":{"line":405,"column":3}},"type":"if","locations":[{"start":{"line":403,"column":2},"end":{"line":405,"column":3}},{"start":{},"end":{}}],"line":403},"15":{"loc":{"start":{"line":409,"column":4},"end":{"line":412,"column":5}},"type":"if","locations":[{"start":{"line":409,"column":4},"end":{"line":412,"column":5}},{"start":{},"end":{}}],"line":409},"16":{"loc":{"start":{"line":414,"column":4},"end":{"line":416,"column":5}},"type":"if","locations":[{"start":{"line":414,"column":4},"end":{"line":416,"column":5}},{"start":{},"end":{}}],"line":414}},"s":{"0":1,"1":1,"2":1,"3":1,"4":1,"5":1,"6":1,"7":0,"8":1,"9":1,"10":1,"11":1,"12":0,"13":0,"14":1,"15":1,"16":0,"17":0,"18":0,"19":0,"20":0,"21":0,"22":1,"23":1,"24":1,"25":1,"26":0,"27":0,"28":1,"29":1,"30":0,"31":1,"32":1,"33":1,"34":0,"35":1,"36":1,"37":0,"38":0,"39":1,"40":1,"41":1,"42":1,"43":1,"44":1,"45":0,"46":0,"47":0,"48":0,"49":1,"50":0,"51":1,"52":1,"53":1,"54":1,"55":1,"56":0,"57":0,"58":1,"59":0,"60":0,"61":0,"62":0,"63":0,"64":0,"65":0,"66":0,"67":1,"68":0,"69":0,"70":0,"71":0,"72":0,"73":0,"74":0,"75":0,"76":0,"77":0,"78":0,"79":1,"80":0,"81":0,"82":0,"83":1,"84":0,"85":1,"86":0,"87":0,"88":0,"89":0,"90":0,"91":0,"92":0,"93":0,"94":0,"95":0,"96":0,"97":1},"f":{"0":0,"1":1,"2":1,"3":0,"4":0,"5":1,"6":1,"7":0,"8":1,"9":1,"10":1,"11":1,"12":0,"13":0,"14":0,"15":0,"16":0,"17":0},"b":{"0":[0,1],"1":[0,0],"2":[0,1],"3":[0,1],"4":[0,1],"5":[0,1],"6":[0,0],"7":[0,0],"8":[0,1],"9":[0,0],"10":[0,0],"11":[0,0],"12":[0,0],"13":[0,0],"14":[0,0],"15":[0,0],"16":[0,0]},"_coverageSchema":"1a1c01bbd47fc00a2c39e90264f33305004495a9","hash":"1f2273e0b95849a9acb32aba84e653629466af87"}
,"C:\\Users\\chris\\Documents\\COURS\\SAE5\\API\\API\\api\\users\\usersController.js": {"path":"C:\\Users\\chris\\Documents\\COURS\\SAE5\\API\\API\\api\\users\\usersController.js","statementMap":{"0":{"start":{"line":1,"column":15},"end":{"line":1,"column":32}},"1":{"start":{"line":9,"column":22},"end":{"line":12,"column":1}},"2":{"start":{"line":10,"column":16},"end":{"line":10,"column":58}},"3":{"start":{"line":11,"column":2},"end":{"line":11,"column":41}},"4":{"start":{"line":20,"column":24},"end":{"line":23,"column":1}},"5":{"start":{"line":21,"column":16},"end":{"line":21,"column":53}},"6":{"start":{"line":22,"column":2},"end":{"line":22,"column":43}},"7":{"start":{"line":30,"column":21},"end":{"line":33,"column":1}},"8":{"start":{"line":31,"column":21},"end":{"line":31,"column":23}},"9":{"start":{"line":32,"column":2},"end":{"line":32,"column":54}},"10":{"start":{"line":41,"column":18},"end":{"line":82,"column":1}},"11":{"start":{"line":42,"column":2},"end":{"line":44,"column":3}},"12":{"start":{"line":43,"column":4},"end":{"line":43,"column":79}},"13":{"start":{"line":58,"column":6},"end":{"line":58,"column":10}},"14":{"start":{"line":61,"column":25},"end":{"line":61,"column":47}},"15":{"start":{"line":63,"column":16},"end":{"line":66,"column":3}},"16":{"start":{"line":67,"column":17},"end":{"line":79,"column":3}},"17":{"start":{"line":81,"column":2},"end":{"line":81,"column":43}},"18":{"start":{"line":90,"column":18},"end":{"line":117,"column":1}},"19":{"start":{"line":91,"column":16},"end":{"line":91,"column":53}},"20":{"start":{"line":93,"column":2},"end":{"line":116,"column":5}},"21":{"start":{"line":94,"column":4},"end":{"line":96,"column":5}},"22":{"start":{"line":95,"column":6},"end":{"line":95,"column":27}},"23":{"start":{"line":98,"column":4},"end":{"line":100,"column":5}},"24":{"start":{"line":99,"column":6},"end":{"line":99,"column":60}},"25":{"start":{"line":102,"column":17},"end":{"line":102,"column":27}},"26":{"start":{"line":105,"column":4},"end":{"line":115,"column":7}},"27":{"start":{"line":106,"column":6},"end":{"line":108,"column":7}},"28":{"start":{"line":107,"column":8},"end":{"line":107,"column":29}},"29":{"start":{"line":110,"column":6},"end":{"line":112,"column":7}},"30":{"start":{"line":111,"column":8},"end":{"line":111,"column":62}},"31":{"start":{"line":114,"column":6},"end":{"line":114,"column":27}},"32":{"start":{"line":125,"column":21},"end":{"line":173,"column":1}},"33":{"start":{"line":126,"column":73},"end":{"line":126,"column":84}},"34":{"start":{"line":128,"column":2},"end":{"line":132,"column":3}},"35":{"start":{"line":129,"column":4},"end":{"line":131,"column":6}},"36":{"start":{"line":134,"column":16},"end":{"line":144,"column":3}},"37":{"start":{"line":146,"column":17},"end":{"line":154,"column":3}},"38":{"start":{"line":156,"column":2},"end":{"line":172,"column":5}},"39":{"start":{"line":157,"column":4},"end":{"line":160,"column":5}},"40":{"start":{"line":158,"column":6},"end":{"line":158,"column":62}},"41":{"start":{"line":159,"column":6},"end":{"line":159,"column":29}},"42":{"start":{"line":162,"column":4},"end":{"line":166,"column":5}},"43":{"start":{"line":163,"column":6},"end":{"line":165,"column":8}},"44":{"start":{"line":168,"column":4},"end":{"line":171,"column":7}},"45":{"start":{"line":175,"column":0},"end":{"line":181,"column":2}}},"fnMap":{"0":{"name":"(anonymous_0)","decl":{"start":{"line":9,"column":22},"end":{"line":9,"column":23}},"loc":{"start":{"line":9,"column":55},"end":{"line":12,"column":1}},"line":9},"1":{"name":"(anonymous_1)","decl":{"start":{"line":20,"column":24},"end":{"line":20,"column":25}},"loc":{"start":{"line":20,"column":59},"end":{"line":23,"column":1}},"line":20},"2":{"name":"(anonymous_2)","decl":{"start":{"line":30,"column":21},"end":{"line":30,"column":22}},"loc":{"start":{"line":30,"column":35},"end":{"line":33,"column":1}},"line":30},"3":{"name":"(anonymous_3)","decl":{"start":{"line":41,"column":18},"end":{"line":41,"column":19}},"loc":{"start":{"line":41,"column":49},"end":{"line":82,"column":1}},"line":41},"4":{"name":"(anonymous_4)","decl":{"start":{"line":90,"column":18},"end":{"line":90,"column":19}},"loc":{"start":{"line":90,"column":63},"end":{"line":117,"column":1}},"line":90},"5":{"name":"(anonymous_5)","decl":{"start":{"line":93,"column":33},"end":{"line":93,"column":34}},"loc":{"start":{"line":93,"column":51},"end":{"line":116,"column":3}},"line":93},"6":{"name":"(anonymous_6)","decl":{"start":{"line":105,"column":51},"end":{"line":105,"column":52}},"loc":{"start":{"line":105,"column":69},"end":{"line":115,"column":5}},"line":105},"7":{"name":"(anonymous_7)","decl":{"start":{"line":125,"column":21},"end":{"line":125,"column":22}},"loc":{"start":{"line":125,"column":59},"end":{"line":173,"column":1}},"line":125},"8":{"name":"(anonymous_8)","decl":{"start":{"line":156,"column":33},"end":{"line":156,"column":34}},"loc":{"start":{"line":156,"column":52},"end":{"line":172,"column":3}},"line":156}},"branchMap":{"0":{"loc":{"start":{"line":42,"column":2},"end":{"line":44,"column":3}},"type":"if","locations":[{"start":{"line":42,"column":2},"end":{"line":44,"column":3}},{"start":{},"end":{}}],"line":42},"1":{"loc":{"start":{"line":42,"column":6},"end":{"line":42,"column":43}},"type":"binary-expr","locations":[{"start":{"line":42,"column":6},"end":{"line":42,"column":11}},{"start":{"line":42,"column":15},"end":{"line":42,"column":25}},{"start":{"line":42,"column":29},"end":{"line":42,"column":43}}],"line":42},"2":{"loc":{"start":{"line":94,"column":4},"end":{"line":96,"column":5}},"type":"if","locations":[{"start":{"line":94,"column":4},"end":{"line":96,"column":5}},{"start":{},"end":{}}],"line":94},"3":{"loc":{"start":{"line":98,"column":4},"end":{"line":100,"column":5}},"type":"if","locations":[{"start":{"line":98,"column":4},"end":{"line":100,"column":5}},{"start":{},"end":{}}],"line":98},"4":{"loc":{"start":{"line":106,"column":6},"end":{"line":108,"column":7}},"type":"if","locations":[{"start":{"line":106,"column":6},"end":{"line":108,"column":7}},{"start":{},"end":{}}],"line":106},"5":{"loc":{"start":{"line":110,"column":6},"end":{"line":112,"column":7}},"type":"if","locations":[{"start":{"line":110,"column":6},"end":{"line":112,"column":7}},{"start":{},"end":{}}],"line":110},"6":{"loc":{"start":{"line":128,"column":2},"end":{"line":132,"column":3}},"type":"if","locations":[{"start":{"line":128,"column":2},"end":{"line":132,"column":3}},{"start":{},"end":{}}],"line":128},"7":{"loc":{"start":{"line":147,"column":4},"end":{"line":147,"column":16}},"type":"binary-expr","locations":[{"start":{"line":147,"column":4},"end":{"line":147,"column":8}},{"start":{"line":147,"column":12},"end":{"line":147,"column":16}}],"line":147},"8":{"loc":{"start":{"line":148,"column":4},"end":{"line":148,"column":19}},"type":"binary-expr","locations":[{"start":{"line":148,"column":4},"end":{"line":148,"column":11}},{"start":{"line":148,"column":15},"end":{"line":148,"column":19}}],"line":148},"9":{"loc":{"start":{"line":149,"column":4},"end":{"line":149,"column":16}},"type":"binary-expr","locations":[{"start":{"line":149,"column":4},"end":{"line":149,"column":8}},{"start":{"line":149,"column":12},"end":{"line":149,"column":16}}],"line":149},"10":{"loc":{"start":{"line":150,"column":4},"end":{"line":150,"column":15}},"type":"binary-expr","locations":[{"start":{"line":150,"column":4},"end":{"line":150,"column":7}},{"start":{"line":150,"column":11},"end":{"line":150,"column":15}}],"line":150},"11":{"loc":{"start":{"line":151,"column":4},"end":{"line":151,"column":20}},"type":"binary-expr","locations":[{"start":{"line":151,"column":4},"end":{"line":151,"column":12}},{"start":{"line":151,"column":16},"end":{"line":151,"column":20}}],"line":151},"12":{"loc":{"start":{"line":152,"column":4},"end":{"line":152,"column":23}},"type":"binary-expr","locations":[{"start":{"line":152,"column":4},"end":{"line":152,"column":15}},{"start":{"line":152,"column":19},"end":{"line":152,"column":23}}],"line":152},"13":{"loc":{"start":{"line":157,"column":4},"end":{"line":160,"column":5}},"type":"if","locations":[{"start":{"line":157,"column":4},"end":{"line":160,"column":5}},{"start":{},"end":{}}],"line":157},"14":{"loc":{"start":{"line":162,"column":4},"end":{"line":166,"column":5}},"type":"if","locations":[{"start":{"line":162,"column":4},"end":{"line":166,"column":5}},{"start":{},"end":{}}],"line":162}},"s":{"0":1,"1":1,"2":0,"3":0,"4":1,"5":0,"6":0,"7":1,"8":0,"9":0,"10":1,"11":0,"12":0,"13":0,"14":0,"15":0,"16":0,"17":0,"18":1,"19":0,"20":0,"21":0,"22":0,"23":0,"24":0,"25":0,"26":0,"27":0,"28":0,"29":0,"30":0,"31":0,"32":1,"33":0,"34":0,"35":0,"36":0,"37":0,"38":0,"39":0,"40":0,"41":0,"42":0,"43":0,"44":0,"45":1},"f":{"0":0,"1":0,"2":0,"3":0,"4":0,"5":0,"6":0,"7":0,"8":0},"b":{"0":[0,0],"1":[0,0,0],"2":[0,0],"3":[0,0],"4":[0,0],"5":[0,0],"6":[0,0],"7":[0,0],"8":[0,0],"9":[0,0],"10":[0,0],"11":[0,0],"12":[0,0],"13":[0,0],"14":[0,0]},"_coverageSchema":"1a1c01bbd47fc00a2c39e90264f33305004495a9","hash":"0bf16cbc8cb9d0e6929d0cfddb1b667dec244e72"}
,"C:\\Users\\chris\\Documents\\COURS\\SAE5\\API\\API\\config\\config.js": {"path":"C:\\Users\\chris\\Documents\\COURS\\SAE5\\API\\API\\config\\config.js","statementMap":{"0":{"start":{"line":1,"column":14},"end":{"line":1,"column":39}},"1":{"start":{"line":2,"column":25},"end":{"line":2,"column":41}},"2":{"start":{"line":3,"column":0},"end":{"line":3,"column":27}},"3":{"start":{"line":5,"column":23},"end":{"line":13,"column":2}},"4":{"start":{"line":16,"column":20},"end":{"line":19,"column":2}},"5":{"start":{"line":21,"column":0},"end":{"line":21,"column":43}},"6":{"start":{"line":23,"column":0},"end":{"line":25,"column":3}},"7":{"start":{"line":24,"column":2},"end":{"line":24,"column":37}},"8":{"start":{"line":27,"column":0},"end":{"line":30,"column":2}},"9":{"start":{"line":32,"column":0},"end":{"line":32,"column":28}}},"fnMap":{"0":{"name":"(anonymous_0)","decl":{"start":{"line":23,"column":24},"end":{"line":23,"column":25}},"loc":{"start":{"line":23,"column":33},"end":{"line":25,"column":1}},"line":23}},"branchMap":{},"s":{"0":1,"1":1,"2":1,"3":1,"4":1,"5":1,"6":1,"7":0,"8":1,"9":1},"f":{"0":0},"b":{},"_coverageSchema":"1a1c01bbd47fc00a2c39e90264f33305004495a9","hash":"2286ef17521c2b27f485f5ebe4eaa06b70fdce9f"}
}
