TN:
SF:api\acc\accompagnateur.js
FN:30,(anonymous_0)
FNF:1
FNH:1
FNDA:1,(anonymous_0)
DA:1,1
DA:2,1
DA:3,1
DA:30,1
DA:32,1
DA:82,1
LF:6
LH:6
BRF:0
BRH:0
end_of_record
TN:
SF:api\acc\accompagnateurController.js
FN:1,(anonymous_0)
FN:6,(anonymous_1)
FN:11,(anonymous_2)
FNF:3
FNH:3
FNDA:1,(anonymous_0)
FNDA:1,(anonymous_1)
FNDA:1,(anonymous_2)
DA:1,2
DA:2,1
DA:3,1
DA:6,2
DA:7,1
DA:8,1
DA:11,2
DA:12,1
DA:13,1
DA:26,2
LF:10
LH:10
BRF:0
BRH:0
end_of_record
TN:
SF:api\users\users.js
FN:29,(anonymous_0)
FN:56,(anonymous_1)
FN:58,(anonymous_2)
FN:92,(anonymous_3)
FN:94,(anonymous_4)
FN:105,(anonymous_5)
FN:108,(anonymous_6)
FN:119,(anonymous_7)
FN:137,(anonymous_8)
FN:163,(anonymous_9)
FN:164,(anonymous_10)
FNF:11
FNH:5
FNDA:1,(anonymous_0)
FNDA:2,(anonymous_1)
FNDA:2,(anonymous_2)
FNDA:2,(anonymous_3)
FNDA:2,(anonymous_4)
FNDA:0,(anonymous_5)
FNDA:0,(anonymous_6)
FNDA:0,(anonymous_7)
FNDA:0,(anonymous_8)
FNDA:0,(anonymous_9)
FNDA:0,(anonymous_10)
DA:1,1
DA:2,1
DA:3,1
DA:29,1
DA:30,1
DA:56,1
DA:57,2
DA:58,2
DA:59,2
DA:60,1
DA:63,1
DA:65,1
DA:92,1
DA:93,2
DA:94,2
DA:95,2
DA:96,1
DA:99,1
DA:101,1
DA:105,1
DA:106,0
DA:108,0
DA:109,0
DA:110,0
DA:111,0
DA:115,0
DA:119,1
DA:120,0
DA:121,0
DA:124,0
DA:127,0
DA:128,0
DA:134,0
DA:138,0
DA:139,0
DA:140,0
DA:146,0
DA:147,0
DA:153,0
DA:154,0
DA:158,0
DA:159,0
DA:163,1
DA:164,0
DA:165,0
DA:166,0
DA:167,0
DA:170,0
DA:171,0
DA:175,1
LF:50
LH:23
BRDA:59,0,0,1
BRDA:59,0,1,1
BRDA:95,1,0,1
BRDA:95,1,1,1
BRDA:109,2,0,0
BRDA:109,2,1,0
BRDA:127,3,0,0
BRDA:127,3,1,0
BRDA:127,4,0,0
BRDA:127,4,1,0
BRDA:138,5,0,0
BRDA:138,5,1,0
BRDA:146,6,0,0
BRDA:146,6,1,0
BRDA:146,7,0,0
BRDA:146,7,1,0
BRDA:165,8,0,0
BRDA:165,8,1,0
BRF:18
BRH:4
end_of_record
TN:
SF:api\users\usersController.js
FN:4,(anonymous_0)
FN:10,(anonymous_1)
FN:16,(anonymous_2)
FN:52,(anonymous_3)
FNF:4
FNH:2
FNDA:3,(anonymous_0)
FNDA:3,(anonymous_1)
FNDA:0,(anonymous_2)
FNDA:0,(anonymous_3)
DA:1,2
DA:4,2
DA:5,3
DA:6,3
DA:10,2
DA:11,3
DA:12,3
DA:16,2
DA:32,0
DA:36,0
DA:50,0
DA:52,2
DA:53,0
DA:54,0
DA:57,2
LF:15
LH:10
BRF:0
BRH:0
end_of_record
TN:
SF:config\config.js
FN:13,(anonymous_0)
FNF:1
FNH:1
FNDA:1,(anonymous_0)
DA:1,2
DA:2,2
DA:4,2
DA:13,2
DA:14,1
DA:15,0
DA:16,0
DA:17,0
DA:20,1
DA:24,2
LF:10
LH:7
BRDA:14,0,0,0
BRDA:14,0,1,1
BRDA:16,1,0,0
BRDA:16,1,1,0
BRF:4
BRH:1
end_of_record
