TN:
SF:api\acc\accompagnateur.js
FN:30,(anonymous_0)
FN:71,(anonymous_1)
FN:82,(anonymous_2)
FNF:3
FNH:2
FNDA:0,(anonymous_0)
FNDA:2,(anonymous_1)
FNDA:1,(anonymous_2)
DA:1,1
DA:2,1
DA:3,1
DA:30,1
DA:32,0
DA:71,1
DA:72,2
DA:75,2
DA:76,1
DA:79,1
DA:83,1
DA:84,0
DA:86,1
DA:94,1
LF:14
LH:12
BRDA:75,0,0,1
BRDA:75,0,1,1
BRDA:75,1,0,2
BRDA:75,1,1,1
BRDA:75,1,2,1
BRDA:75,1,3,1
BRDA:83,2,0,0
BRDA:83,2,1,1
BRF:8
BRH:7
end_of_record
TN:
SF:api\users\users.js
FN:32,(anonymous_0)
FN:59,(anonymous_1)
FN:61,(anonymous_2)
FN:95,(anonymous_3)
FN:97,(anonymous_4)
FN:140,(anonymous_5)
FN:142,(anonymous_6)
FN:152,(anonymous_7)
FN:196,(anonymous_8)
FN:206,(anonymous_9)
FN:256,(anonymous_10)
FN:260,(anonymous_11)
FN:314,(anonymous_12)
FN:330,(anonymous_13)
FN:353,(anonymous_14)
FN:361,(anonymous_15)
FN:401,(anonymous_16)
FN:408,(anonymous_17)
FNF:18
FNH:8
FNDA:0,(anonymous_0)
FNDA:1,(anonymous_1)
FNDA:1,(anonymous_2)
FNDA:0,(anonymous_3)
FNDA:0,(anonymous_4)
FNDA:1,(anonymous_5)
FNDA:1,(anonymous_6)
FNDA:0,(anonymous_7)
FNDA:1,(anonymous_8)
FNDA:1,(anonymous_9)
FNDA:1,(anonymous_10)
FNDA:1,(anonymous_11)
FNDA:0,(anonymous_12)
FNDA:0,(anonymous_13)
FNDA:0,(anonymous_14)
FNDA:0,(anonymous_15)
FNDA:0,(anonymous_16)
FNDA:0,(anonymous_17)
DA:1,1
DA:2,1
DA:3,1
DA:4,1
DA:5,1
DA:6,1
DA:32,1
DA:33,0
DA:59,1
DA:60,1
DA:61,1
DA:62,1
DA:63,0
DA:66,0
DA:68,1
DA:95,1
DA:96,0
DA:97,0
DA:98,0
DA:99,0
DA:102,0
DA:104,0
DA:140,1
DA:141,1
DA:142,1
DA:143,1
DA:144,0
DA:145,0
DA:147,1
DA:152,1
DA:153,0
DA:196,1
DA:197,1
DA:199,1
DA:200,0
DA:206,1
DA:207,1
DA:208,0
DA:209,0
DA:215,1
DA:256,1
DA:257,1
DA:258,1
DA:260,1
DA:261,1
DA:262,0
DA:264,0
DA:265,0
DA:267,0
DA:270,1
DA:271,0
DA:275,1
DA:277,1
DA:279,1
DA:285,1
DA:286,1
DA:289,0
DA:290,0
DA:314,1
DA:315,0
DA:317,0
DA:318,0
DA:321,0
DA:322,0
DA:323,0
DA:325,0
DA:326,0
DA:330,1
DA:331,0
DA:333,0
DA:334,0
DA:337,0
DA:338,0
DA:339,0
DA:340,0
DA:343,0
DA:344,0
DA:346,0
DA:347,0
DA:353,1
DA:354,0
DA:355,0
DA:357,0
DA:361,1
DA:362,0
DA:401,1
DA:402,0
DA:403,0
DA:404,0
DA:407,0
DA:408,0
DA:409,0
DA:410,0
DA:411,0
DA:414,0
DA:415,0
DA:419,0
DA:423,1
LF:98
LH:42
BRDA:62,0,0,0
BRDA:62,0,1,1
BRDA:98,1,0,0
BRDA:98,1,1,0
BRDA:143,2,0,0
BRDA:143,2,1,1
BRDA:199,3,0,0
BRDA:199,3,1,1
BRDA:207,4,0,0
BRDA:207,4,1,1
BRDA:261,5,0,0
BRDA:261,5,1,1
BRDA:264,6,0,0
BRDA:264,6,1,0
BRDA:264,7,0,0
BRDA:264,7,1,0
BRDA:270,8,0,0
BRDA:270,8,1,1
BRDA:317,9,0,0
BRDA:317,9,1,0
BRDA:333,10,0,0
BRDA:333,10,1,0
BRDA:339,11,0,0
BRDA:339,11,1,0
BRDA:354,12,0,0
BRDA:354,12,1,0
BRDA:354,13,0,0
BRDA:354,13,1,0
BRDA:403,14,0,0
BRDA:403,14,1,0
BRDA:409,15,0,0
BRDA:409,15,1,0
BRDA:414,16,0,0
BRDA:414,16,1,0
BRF:34
BRH:6
end_of_record
TN:
SF:api\users\usersController.js
FN:9,(anonymous_0)
FN:20,(anonymous_1)
FN:30,(anonymous_2)
FN:41,(anonymous_3)
FN:90,(anonymous_4)
FN:93,(anonymous_5)
FN:105,(anonymous_6)
FN:125,(anonymous_7)
FN:156,(anonymous_8)
FNF:9
FNH:0
FNDA:0,(anonymous_0)
FNDA:0,(anonymous_1)
FNDA:0,(anonymous_2)
FNDA:0,(anonymous_3)
FNDA:0,(anonymous_4)
FNDA:0,(anonymous_5)
FNDA:0,(anonymous_6)
FNDA:0,(anonymous_7)
FNDA:0,(anonymous_8)
DA:1,1
DA:9,1
DA:10,0
DA:11,0
DA:20,1
DA:21,0
DA:22,0
DA:30,1
DA:31,0
DA:32,0
DA:41,1
DA:42,0
DA:43,0
DA:58,0
DA:61,0
DA:63,0
DA:67,0
DA:81,0
DA:90,1
DA:91,0
DA:93,0
DA:94,0
DA:95,0
DA:98,0
DA:99,0
DA:102,0
DA:105,0
DA:106,0
DA:107,0
DA:110,0
DA:111,0
DA:114,0
DA:125,1
DA:126,0
DA:128,0
DA:129,0
DA:134,0
DA:146,0
DA:156,0
DA:157,0
DA:158,0
DA:159,0
DA:162,0
DA:163,0
DA:168,0
DA:175,1
LF:46
LH:8
BRDA:42,0,0,0
BRDA:42,0,1,0
BRDA:42,1,0,0
BRDA:42,1,1,0
BRDA:42,1,2,0
BRDA:94,2,0,0
BRDA:94,2,1,0
BRDA:98,3,0,0
BRDA:98,3,1,0
BRDA:106,4,0,0
BRDA:106,4,1,0
BRDA:110,5,0,0
BRDA:110,5,1,0
BRDA:128,6,0,0
BRDA:128,6,1,0
BRDA:147,7,0,0
BRDA:147,7,1,0
BRDA:148,8,0,0
BRDA:148,8,1,0
BRDA:149,9,0,0
BRDA:149,9,1,0
BRDA:150,10,0,0
BRDA:150,10,1,0
BRDA:151,11,0,0
BRDA:151,11,1,0
BRDA:152,12,0,0
BRDA:152,12,1,0
BRDA:157,13,0,0
BRDA:157,13,1,0
BRDA:162,14,0,0
BRDA:162,14,1,0
BRF:31
BRH:0
end_of_record
TN:
SF:config\config.js
FN:23,(anonymous_0)
FNF:1
FNH:0
FNDA:0,(anonymous_0)
DA:1,1
DA:2,1
DA:3,1
DA:5,1
DA:16,1
DA:21,1
DA:23,1
DA:24,0
DA:27,1
DA:32,1
LF:10
LH:9
BRF:0
BRH:0
end_of_record
